TN:
SF:/Users/user/Downloads/momoapi-node-master/commitlint.config.js
FNF:0
FNH:0
DA:1,0
LF:1
LH:0
BRF:0
BRH:0
end_of_record
TN:
SF:/Users/user/Downloads/momoapi-node-master/release.config.js
FNF:0
FNH:0
DA:1,0
LF:1
LH:0
BRF:0
BRH:0
end_of_record
TN:
SF:/Users/user/Downloads/momoapi-node-master/src/auth.ts
FN:19,createTokenRefresher
FN:24,(anonymous_1)
FN:27,(anonymous_2)
FN:35,(anonymous_3)
FN:45,(anonymous_4)
FN:56,(anonymous_5)
FN:59,(anonymous_6)
FN:70,(anonymous_7)
FN:73,createBasicAuthToken
FN:79,isExpired
FNF:10
FNH:10
FNDA:2,createTokenRefresher
FNDA:4,(anonymous_1)
FNDA:3,(anonymous_2)
FNDA:3,(anonymous_3)
FNDA:1,(anonymous_4)
FNDA:1,(anonymous_5)
FNDA:1,(anonymous_6)
FNDA:1,(anonymous_7)
FNDA:3,createBasicAuthToken
FNDA:4,isExpired
DA:3,1
DA:19,1
DA:24,2
DA:25,4
DA:26,3
DA:28,3
DA:29,3
DA:30,3
DA:36,3
DA:37,3
DA:41,1
DA:45,1
DA:47,1
DA:49,1
DA:50,1
DA:56,1
DA:59,1
DA:61,1
DA:63,1
DA:64,1
DA:70,1
DA:73,1
DA:74,3
DA:80,4
DA:81,2
DA:84,2
LF:26
LH:26
BRDA:25,0,0,3
BRDA:25,0,1,1
BRDA:47,1,0,0
BRDA:47,1,1,NaN
BRDA:61,2,0,0
BRDA:61,2,1,NaN
BRDA:80,3,0,2
BRDA:80,3,1,2
BRDA:80,4,0,4
BRDA:80,4,1,2
BRF:10
BRH:6
end_of_record
TN:
SF:/Users/user/Downloads/momoapi-node-master/src/cli.ts
FN:18,(anonymous_0)
FN:26,(anonymous_1)
FN:27,(anonymous_2)
FN:37,(anonymous_3)
FNF:4
FNH:0
FNDA:0,(anonymous_0)
FNDA:0,(anonymous_1)
FNDA:0,(anonymous_2)
FNDA:0,(anonymous_3)
DA:9,0
DA:11,0
DA:18,0
DA:20,0
DA:22,0
DA:24,0
DA:27,0
DA:28,0
DA:38,0
LF:9
LH:0
BRF:0
BRH:0
end_of_record
TN:
SF:/Users/user/Downloads/momoapi-node-master/src/client.ts
FN:8,createClient
FN:21,createAuthClient
FN:25,(anonymous_5)
FN:26,(anonymous_6)
FN:40,withErrorHandling
FN:42,(anonymous_8)
FN:43,(anonymous_9)
FNF:7
FNH:6
FNDA:2,createClient
FNDA:1,createAuthClient
FNDA:1,(anonymous_5)
FNDA:1,(anonymous_6)
FNDA:2,withErrorHandling
FNDA:1,(anonymous_8)
FNDA:0,(anonymous_9)
DA:1,1
DA:3,1
DA:8,1
DA:10,2
DA:12,2
DA:13,2
DA:18,2
DA:21,1
DA:25,1
DA:26,1
DA:27,1
DA:37,1
DA:40,1
DA:41,2
DA:42,1
DA:43,0
DA:46,2
LF:17
LH:16
BRDA:10,0,0,0
BRDA:10,0,1,2
BRDA:15,1,0,2
BRDA:15,1,1,0
BRF:4
BRH:2
end_of_record
TN:
SF:/Users/user/Downloads/momoapi-node-master/src/collections.ts
FN:107,(anonymous_3)
FN:110,Collections
FN:124,(anonymous_5)
FN:128,(anonymous_6)
FN:137,(anonymous_7)
FN:151,(anonymous_8)
FN:154,(anonymous_9)
FN:155,(anonymous_10)
FN:167,(anonymous_11)
FN:170,(anonymous_12)
FN:184,(anonymous_13)
FN:190,(anonymous_14)
FNF:12
FNH:12
FNDA:1,(anonymous_3)
FNDA:10,Collections
FNDA:7,(anonymous_5)
FNDA:1,(anonymous_6)
FNDA:1,(anonymous_7)
FNDA:1,(anonymous_8)
FNDA:1,(anonymous_9)
FNDA:1,(anonymous_10)
FNDA:1,(anonymous_11)
FNDA:1,(anonymous_12)
FNDA:1,(anonymous_13)
FNDA:1,(anonymous_14)
DA:2,1
DA:4,1
DA:5,1
DA:7,1
DA:107,1
DA:111,10
DA:124,7
DA:125,7
DA:126,7
DA:128,7
DA:129,1
DA:130,1
DA:137,1
DA:151,1
DA:152,1
DA:154,1
DA:156,1
DA:157,0
DA:160,1
DA:167,1
DA:168,1
DA:170,1
DA:184,1
DA:186,1
DA:188,1
DA:190,1
DA:192,1
LF:27
LH:26
BRDA:134,0,0,1
BRDA:134,0,1,0
BRDA:156,1,0,0
BRDA:156,1,1,1
BRDA:186,2,0,0
BRDA:186,2,1,1
BRF:6
BRH:3
end_of_record
TN:
SF:/Users/user/Downloads/momoapi-node-master/src/common.ts
FN:90,(anonymous_0)
FN:96,(anonymous_1)
FN:101,(anonymous_2)
FN:107,(anonymous_3)
FNF:4
FNH:4
FNDA:1,(anonymous_0)
FNDA:1,(anonymous_1)
FNDA:1,(anonymous_2)
FNDA:1,(anonymous_3)
DA:90,1
DA:91,1
DA:92,1
DA:93,1
DA:96,1
DA:97,1
DA:98,1
DA:101,1
DA:102,1
DA:103,1
DA:104,1
DA:107,1
DA:108,1
DA:109,1
DA:110,1
DA:111,1
DA:112,1
DA:113,1
DA:114,1
DA:115,1
DA:116,1
DA:117,1
DA:118,1
DA:119,1
DA:120,1
DA:121,1
DA:122,1
DA:123,1
DA:124,1
LF:29
LH:29
BRDA:90,0,0,1
BRDA:90,0,1,1
BRDA:96,1,0,1
BRDA:96,1,1,1
BRDA:101,2,0,1
BRDA:101,2,1,1
BRDA:107,3,0,1
BRDA:107,3,1,1
BRF:8
BRH:8
end_of_record
TN:
SF:/Users/user/Downloads/momoapi-node-master/src/disbursements.ts
FN:105,(anonymous_3)
FN:108,Disbursements
FN:119,(anonymous_5)
FN:124,(anonymous_6)
FN:132,(anonymous_7)
FN:146,(anonymous_8)
FN:149,(anonymous_9)
FN:150,(anonymous_10)
FN:162,(anonymous_11)
FN:165,(anonymous_12)
FN:179,(anonymous_13)
FN:185,(anonymous_14)
FN:186,(anonymous_15)
FNF:13
FNH:13
FNDA:1,(anonymous_3)
FNDA:10,Disbursements
FNDA:7,(anonymous_5)
FNDA:1,(anonymous_6)
FNDA:1,(anonymous_7)
FNDA:1,(anonymous_8)
FNDA:1,(anonymous_9)
FNDA:1,(anonymous_10)
FNDA:1,(anonymous_11)
FNDA:1,(anonymous_12)
FNDA:1,(anonymous_13)
FNDA:1,(anonymous_14)
FNDA:1,(anonymous_15)
DA:2,1
DA:4,1
DA:5,1
DA:7,1
DA:105,1
DA:109,10
DA:119,7
DA:120,7
DA:121,14
DA:122,7
DA:124,7
DA:125,1
DA:132,1
DA:146,1
DA:147,1
DA:149,1
DA:151,1
DA:152,0
DA:155,1
DA:162,1
DA:163,1
DA:165,1
DA:179,1
DA:181,1
DA:183,1
DA:185,1
DA:186,1
DA:188,1
LF:28
LH:27
BRDA:121,0,0,7
BRDA:121,0,1,0
BRDA:129,1,0,1
BRDA:129,1,1,0
BRDA:151,2,0,0
BRDA:151,2,1,1
BRDA:181,3,0,0
BRDA:181,3,1,1
BRDA:186,4,0,0
BRDA:186,4,1,1
BRF:10
BRH:5
end_of_record
TN:
SF:/Users/user/Downloads/momoapi-node-master/src/errors.ts
FN:11,(anonymous_6)
FN:14,MtnMoMoError
FN:20,(anonymous_8)
FN:24,(anonymous_10)
FN:28,(anonymous_12)
FN:32,(anonymous_14)
FN:36,(anonymous_16)
FN:40,(anonymous_18)
FN:44,(anonymous_20)
FN:48,(anonymous_22)
FN:52,(anonymous_24)
FN:56,(anonymous_26)
FN:60,(anonymous_28)
FN:64,(anonymous_30)
FN:68,(anonymous_32)
FN:72,(anonymous_34)
FN:76,(anonymous_36)
FN:80,(anonymous_38)
FN:84,(anonymous_40)
FN:88,(anonymous_42)
FN:92,handleError
FN:102,getError
FN:174,getTransactionError
FNF:23
FNH:21
FNDA:1,(anonymous_6)
FNDA:18,MtnMoMoError
FNDA:2,(anonymous_8)
FNDA:2,(anonymous_10)
FNDA:2,(anonymous_12)
FNDA:2,(anonymous_14)
FNDA:2,(anonymous_16)
FNDA:2,(anonymous_18)
FNDA:2,(anonymous_20)
FNDA:2,(anonymous_22)
FNDA:2,(anonymous_24)
FNDA:2,(anonymous_26)
FNDA:2,(anonymous_28)
FNDA:2,(anonymous_30)
FNDA:2,(anonymous_32)
FNDA:2,(anonymous_34)
FNDA:2,(anonymous_36)
FNDA:2,(anonymous_38)
FNDA:2,(anonymous_40)
FNDA:2,(anonymous_42)
FNDA:0,handleError
FNDA:18,getError
FNDA:0,getTransactionError
DA:3,1
DA:11,1
DA:15,18
DA:16,18
DA:18,1
DA:20,1
DA:21,1
DA:22,1
DA:24,1
DA:25,1
DA:26,1
DA:28,1
DA:29,1
DA:30,1
DA:32,1
DA:33,1
DA:34,1
DA:36,1
DA:37,1
DA:38,1
DA:40,1
DA:41,1
DA:42,1
DA:44,1
DA:45,1
DA:46,1
DA:48,1
DA:49,1
DA:50,1
DA:52,1
DA:53,1
DA:54,1
DA:56,1
DA:57,1
DA:58,1
DA:60,1
DA:61,1
DA:62,1
DA:64,1
DA:65,1
DA:66,1
DA:68,1
DA:69,1
DA:70,1
DA:72,1
DA:73,1
DA:74,1
DA:76,1
DA:77,1
DA:78,1
DA:80,1
DA:81,1
DA:82,1
DA:84,1
DA:85,1
DA:86,1
DA:88,1
DA:89,1
DA:90,1
DA:92,1
DA:93,0
DA:94,0
DA:97,0
DA:99,0
DA:102,1
DA:103,18
DA:104,1
DA:107,17
DA:108,1
DA:111,16
DA:112,1
DA:115,15
DA:116,1
DA:119,14
DA:120,1
DA:123,13
DA:124,1
DA:127,12
DA:128,1
DA:131,11
DA:132,1
DA:135,10
DA:136,1
DA:139,9
DA:140,1
DA:143,8
DA:144,1
DA:147,7
DA:148,1
DA:151,6
DA:152,1
DA:155,5
DA:156,1
DA:159,4
DA:160,1
DA:163,3
DA:164,1
DA:167,2
DA:168,1
DA:171,1
DA:174,1
DA:175,0
DA:176,0
DA:178,0
LF:104
LH:97
BRDA:15,0,0,18
BRDA:15,0,1,0
BRDA:20,1,0,1
BRDA:20,1,1,1
BRDA:20,1,2,0
BRDA:24,2,0,1
BRDA:24,2,1,1
BRDA:24,2,2,0
BRDA:28,3,0,1
BRDA:28,3,1,1
BRDA:28,3,2,0
BRDA:32,4,0,1
BRDA:32,4,1,1
BRDA:32,4,2,0
BRDA:36,5,0,1
BRDA:36,5,1,1
BRDA:36,5,2,0
BRDA:40,6,0,1
BRDA:40,6,1,1
BRDA:40,6,2,0
BRDA:44,7,0,1
BRDA:44,7,1,1
BRDA:44,7,2,0
BRDA:48,8,0,1
BRDA:48,8,1,1
BRDA:48,8,2,0
BRDA:52,9,0,1
BRDA:52,9,1,1
BRDA:52,9,2,0
BRDA:56,10,0,1
BRDA:56,10,1,1
BRDA:56,10,2,0
BRDA:60,11,0,1
BRDA:60,11,1,1
BRDA:60,11,2,0
BRDA:64,12,0,1
BRDA:64,12,1,1
BRDA:64,12,2,0
BRDA:68,13,0,1
BRDA:68,13,1,1
BRDA:68,13,2,0
BRDA:72,14,0,1
BRDA:72,14,1,1
BRDA:72,14,2,0
BRDA:76,15,0,1
BRDA:76,15,1,1
BRDA:76,15,2,0
BRDA:80,16,0,1
BRDA:80,16,1,1
BRDA:80,16,2,0
BRDA:84,17,0,1
BRDA:84,17,1,1
BRDA:84,17,2,0
BRDA:88,18,0,1
BRDA:88,18,1,1
BRDA:88,18,2,0
BRDA:93,19,0,0
BRDA:93,19,1,0
BRDA:97,20,0,0
BRDA:97,20,1,0
BRDA:103,21,0,1
BRDA:103,21,1,17
BRDA:107,22,0,1
BRDA:107,22,1,16
BRDA:111,23,0,1
BRDA:111,23,1,15
BRDA:115,24,0,1
BRDA:115,24,1,14
BRDA:119,25,0,1
BRDA:119,25,1,13
BRDA:123,26,0,1
BRDA:123,26,1,12
BRDA:127,27,0,1
BRDA:127,27,1,11
BRDA:131,28,0,1
BRDA:131,28,1,10
BRDA:135,29,0,1
BRDA:135,29,1,9
BRDA:139,30,0,1
BRDA:139,30,1,8
BRDA:143,31,0,1
BRDA:143,31,1,7
BRDA:147,32,0,1
BRDA:147,32,1,6
BRDA:151,33,0,1
BRDA:151,33,1,5
BRDA:155,34,0,1
BRDA:155,34,1,4
BRDA:159,35,0,1
BRDA:159,35,1,3
BRDA:163,36,0,1
BRDA:163,36,1,2
BRDA:167,37,0,1
BRDA:167,37,1,1
BRF:94
BRH:71
end_of_record
TN:
SF:/Users/user/Downloads/momoapi-node-master/src/index.ts
FN:57,create
FN:61,(anonymous_5)
FN:77,(anonymous_6)
FN:92,(anonymous_7)
FNF:4
FNH:1
FNDA:4,create
FNDA:0,(anonymous_5)
FNDA:0,(anonymous_6)
FNDA:0,(anonymous_7)
DA:3,1
DA:4,1
DA:5,1
DA:7,1
DA:9,1
DA:10,1
DA:17,1
DA:18,1
DA:19,1
DA:21,1
DA:26,1
DA:27,1
DA:33,1
DA:47,1
DA:57,1
DA:58,4
DA:60,3
DA:62,0
DA:64,0
DA:70,0
DA:74,0
DA:78,0
DA:84,0
DA:89,0
DA:93,0
DA:95,0
DA:101,0
DA:103,0
LF:28
LH:17
BRF:0
BRH:0
end_of_record
TN:
SF:/Users/user/Downloads/momoapi-node-master/src/users.ts
FN:6,(anonymous_0)
FN:9,Users
FN:17,(anonymous_2)
FN:29,(anonymous_3)
FN:36,(anonymous_4)
FN:39,(anonymous_5)
FNF:6
FNH:6
FNDA:1,(anonymous_0)
FNDA:2,Users
FNDA:1,(anonymous_2)
FNDA:1,(anonymous_3)
FNDA:1,(anonymous_4)
FNDA:1,(anonymous_5)
DA:2,1
DA:6,1
DA:10,2
DA:17,1
DA:18,1
DA:19,1
DA:29,1
DA:36,1
DA:37,1
DA:39,1
DA:41,1
LF:11
LH:11
BRF:0
BRH:0
end_of_record
TN:
SF:/Users/user/Downloads/momoapi-node-master/src/validate.ts
FN:13,validateRequestToPay
FN:17,(anonymous_1)
FN:32,validateTransfer
FN:36,(anonymous_3)
FN:53,validateGlobalConfig
FN:67,validateProductConfig
FN:72,validateSubscriptionConfig
FN:78,validateUserConfig
FN:88,isNumeric
FN:92,isTruthy
FN:96,isString
FN:100,isUuid4
FNF:12
FNH:12
FNDA:14,validateRequestToPay
FNDA:14,(anonymous_1)
FNDA:16,validateTransfer
FNDA:16,(anonymous_3)
FNDA:8,validateGlobalConfig
FNDA:5,validateProductConfig
FNDA:7,validateSubscriptionConfig
FNDA:8,validateUserConfig
FNDA:24,isNumeric
FNDA:131,isTruthy
FNDA:20,isString
FNDA:19,isUuid4
DA:1,1
DA:4,1
DA:13,1
DA:16,14
DA:17,14
DA:18,14
DA:19,12
DA:20,10
DA:21,8
DA:22,6
DA:23,4
DA:28,2
DA:32,1
DA:35,16
DA:36,16
DA:37,16
DA:38,15
DA:39,14
DA:40,12
DA:41,10
DA:42,8
DA:43,6
DA:44,4
DA:49,2
DA:53,1
DA:54,8
DA:55,8
DA:57,6
DA:58,2
DA:63,1
DA:67,1
DA:68,5
DA:69,4
DA:72,1
DA:73,7
DA:74,7
DA:75,5
DA:78,8
DA:79,8
DA:80,6
DA:82,6
DA:83,4
DA:85,4
DA:89,24
DA:93,131
DA:97,20
DA:101,19
LF:47
LH:47
BRDA:16,0,0,14
BRDA:16,0,1,0
BRDA:35,1,0,16
BRDA:35,1,1,0
BRDA:57,2,0,2
BRDA:57,2,1,4
BRDA:57,3,0,6
BRDA:57,3,1,2
BRF:8
BRH:6
end_of_record
TN:
SF:/Users/user/Downloads/momoapi-node-master/test/auth.test.ts
FN:15,(anonymous_1)
FN:24,(anonymous_2)
FN:25,(anonymous_3)
FN:26,(anonymous_4)
FN:33,(anonymous_5)
FN:34,(anonymous_6)
FN:41,(anonymous_7)
FN:42,(anonymous_8)
FN:49,(anonymous_9)
FN:50,(anonymous_10)
FN:58,(anonymous_11)
FN:59,(anonymous_12)
FN:63,(anonymous_13)
FN:73,(anonymous_14)
FN:74,(anonymous_15)
FN:78,(anonymous_16)
FN:88,(anonymous_17)
FN:89,(anonymous_18)
FNF:18
FNH:18
FNDA:1,(anonymous_1)
FNDA:1,(anonymous_2)
FNDA:1,(anonymous_3)
FNDA:1,(anonymous_4)
FNDA:1,(anonymous_5)
FNDA:1,(anonymous_6)
FNDA:1,(anonymous_7)
FNDA:1,(anonymous_8)
FNDA:1,(anonymous_9)
FNDA:1,(anonymous_10)
FNDA:1,(anonymous_11)
FNDA:1,(anonymous_12)
FNDA:1,(anonymous_13)
FNDA:1,(anonymous_14)
FNDA:1,(anonymous_15)
FNDA:1,(anonymous_16)
FNDA:1,(anonymous_17)
FNDA:1,(anonymous_18)
DA:1,1
DA:3,1
DA:5,1
DA:11,1
DA:13,1
DA:15,1
DA:16,1
DA:24,1
DA:25,1
DA:26,1
DA:27,1
DA:32,1
DA:33,1
DA:35,1
DA:41,1
DA:42,1
DA:43,1
DA:48,1
DA:49,1
DA:51,1
DA:58,1
DA:59,1
DA:60,1
DA:61,1
DA:64,1
DA:65,1
DA:66,1
DA:73,1
DA:74,1
DA:75,1
DA:76,1
DA:79,1
DA:80,1
DA:81,1
DA:88,1
DA:89,1
DA:90,1
LF:37
LH:37
BRF:0
BRH:0
end_of_record
TN:
SF:/Users/user/Downloads/momoapi-node-master/test/chai.ts
FNF:0
FNH:0
DA:1,1
DA:2,1
DA:4,1
DA:6,1
LF:4
LH:4
BRF:0
BRH:0
end_of_record
TN:
SF:/Users/user/Downloads/momoapi-node-master/test/client.test.ts
FN:9,(anonymous_1)
FN:18,(anonymous_2)
FN:19,(anonymous_3)
FN:32,(anonymous_4)
FN:35,(anonymous_5)
FN:48,(anonymous_6)
FN:49,(anonymous_7)
FN:53,(anonymous_8)
FNF:8
FNH:8
FNDA:1,(anonymous_1)
FNDA:1,(anonymous_2)
FNDA:1,(anonymous_3)
FNDA:1,(anonymous_4)
FNDA:1,(anonymous_5)
FNDA:1,(anonymous_6)
FNDA:1,(anonymous_7)
FNDA:1,(anonymous_8)
DA:1,1
DA:3,1
DA:4,1
DA:5,1
DA:7,1
DA:9,1
DA:10,1
DA:18,1
DA:19,1
DA:20,1
DA:21,1
DA:22,1
DA:26,1
DA:32,1
DA:33,1
DA:34,1
DA:35,1
DA:36,1
DA:40,1
DA:48,1
DA:49,1
DA:50,1
DA:51,1
DA:52,1
DA:53,1
DA:54,1
DA:58,1
LF:27
LH:27
BRF:0
BRH:0
end_of_record
TN:
SF:/Users/user/Downloads/momoapi-node-master/test/collections.test.ts
FN:12,(anonymous_3)
FN:17,(anonymous_4)
FN:22,(anonymous_5)
FN:23,(anonymous_6)
FN:24,(anonymous_7)
FN:32,(anonymous_8)
FN:33,(anonymous_9)
FN:41,(anonymous_10)
FN:42,(anonymous_11)
FN:52,(anonymous_12)
FN:53,(anonymous_13)
FN:64,(anonymous_14)
FN:65,(anonymous_15)
FN:78,(anonymous_16)
FN:79,(anonymous_17)
FN:93,(anonymous_18)
FN:107,(anonymous_19)
FN:123,(anonymous_20)
FN:124,(anonymous_21)
FN:127,(anonymous_22)
FN:136,(anonymous_23)
FN:137,(anonymous_24)
FN:138,(anonymous_25)
FN:147,(anonymous_26)
FN:148,(anonymous_27)
FN:151,(anonymous_28)
FNF:26
FNH:26
FNDA:1,(anonymous_3)
FNDA:10,(anonymous_4)
FNDA:1,(anonymous_5)
FNDA:1,(anonymous_6)
FNDA:1,(anonymous_7)
FNDA:1,(anonymous_8)
FNDA:1,(anonymous_9)
FNDA:1,(anonymous_10)
FNDA:1,(anonymous_11)
FNDA:1,(anonymous_12)
FNDA:1,(anonymous_13)
FNDA:1,(anonymous_14)
FNDA:1,(anonymous_15)
FNDA:1,(anonymous_16)
FNDA:1,(anonymous_17)
FNDA:1,(anonymous_18)
FNDA:1,(anonymous_19)
FNDA:1,(anonymous_20)
FNDA:1,(anonymous_21)
FNDA:1,(anonymous_22)
FNDA:1,(anonymous_23)
FNDA:1,(anonymous_24)
FNDA:1,(anonymous_25)
FNDA:1,(anonymous_26)
FNDA:1,(anonymous_27)
FNDA:1,(anonymous_28)
DA:3,1
DA:5,1
DA:7,1
DA:10,1
DA:12,1
DA:17,1
DA:18,10
DA:19,10
DA:22,1
DA:23,1
DA:24,1
DA:25,1
DA:26,1
DA:32,1
DA:33,1
DA:34,1
DA:35,1
DA:41,1
DA:42,1
DA:43,1
DA:46,1
DA:52,1
DA:53,1
DA:54,1
DA:58,1
DA:64,1
DA:65,1
DA:66,1
DA:72,1
DA:78,1
DA:79,1
DA:80,1
DA:87,1
DA:93,1
DA:94,1
DA:105,1
DA:108,1
DA:109,1
DA:112,1
DA:113,1
DA:116,1
DA:123,1
DA:124,1
DA:125,1
DA:128,1
DA:129,1
DA:136,1
DA:137,1
DA:138,1
DA:139,1
DA:140,1
DA:147,1
DA:148,1
DA:149,1
DA:152,1
DA:153,1
LF:56
LH:56
BRF:0
BRH:0
end_of_record
TN:
SF:/Users/user/Downloads/momoapi-node-master/test/disbursements.test.ts
FN:12,(anonymous_3)
FN:17,(anonymous_4)
FN:22,(anonymous_5)
FN:23,(anonymous_6)
FN:24,(anonymous_7)
FN:32,(anonymous_8)
FN:33,(anonymous_9)
FN:41,(anonymous_10)
FN:42,(anonymous_11)
FN:52,(anonymous_12)
FN:53,(anonymous_13)
FN:64,(anonymous_14)
FN:65,(anonymous_15)
FN:78,(anonymous_16)
FN:79,(anonymous_17)
FN:93,(anonymous_18)
FN:107,(anonymous_19)
FN:123,(anonymous_20)
FN:124,(anonymous_21)
FN:127,(anonymous_22)
FN:136,(anonymous_23)
FN:137,(anonymous_24)
FN:138,(anonymous_25)
FN:147,(anonymous_26)
FN:148,(anonymous_27)
FN:151,(anonymous_28)
FNF:26
FNH:26
FNDA:1,(anonymous_3)
FNDA:10,(anonymous_4)
FNDA:1,(anonymous_5)
FNDA:1,(anonymous_6)
FNDA:1,(anonymous_7)
FNDA:1,(anonymous_8)
FNDA:1,(anonymous_9)
FNDA:1,(anonymous_10)
FNDA:1,(anonymous_11)
FNDA:1,(anonymous_12)
FNDA:1,(anonymous_13)
FNDA:1,(anonymous_14)
FNDA:1,(anonymous_15)
FNDA:1,(anonymous_16)
FNDA:1,(anonymous_17)
FNDA:1,(anonymous_18)
FNDA:1,(anonymous_19)
FNDA:1,(anonymous_20)
FNDA:1,(anonymous_21)
FNDA:1,(anonymous_22)
FNDA:1,(anonymous_23)
FNDA:1,(anonymous_24)
FNDA:1,(anonymous_25)
FNDA:1,(anonymous_26)
FNDA:1,(anonymous_27)
FNDA:1,(anonymous_28)
DA:3,1
DA:5,1
DA:7,1
DA:9,1
DA:12,1
DA:17,1
DA:18,10
DA:19,10
DA:22,1
DA:23,1
DA:24,1
DA:25,1
DA:26,1
DA:32,1
DA:33,1
DA:34,1
DA:35,1
DA:41,1
DA:42,1
DA:43,1
DA:46,1
DA:52,1
DA:53,1
DA:54,1
DA:58,1
DA:64,1
DA:65,1
DA:66,1
DA:72,1
DA:78,1
DA:79,1
DA:80,1
DA:87,1
DA:93,1
DA:94,1
DA:105,1
DA:108,1
DA:109,1
DA:112,1
DA:113,1
DA:116,1
DA:123,1
DA:124,1
DA:125,1
DA:128,1
DA:129,1
DA:136,1
DA:137,1
DA:138,1
DA:139,1
DA:140,1
DA:147,1
DA:148,1
DA:149,1
DA:152,1
DA:153,1
LF:56
LH:56
BRF:0
BRH:0
end_of_record
TN:
SF:/Users/user/Downloads/momoapi-node-master/test/errors.test.ts
FN:25,(anonymous_0)
FN:26,(anonymous_1)
FN:27,(anonymous_2)
FN:28,(anonymous_3)
FN:33,(anonymous_4)
FN:34,(anonymous_5)
FNF:6
FNH:6
FNDA:1,(anonymous_0)
FNDA:1,(anonymous_1)
FNDA:1,(anonymous_2)
FNDA:1,(anonymous_3)
FNDA:1,(anonymous_4)
FNDA:1,(anonymous_5)
DA:1,1
DA:2,1
DA:23,1
DA:25,1
DA:26,1
DA:27,1
DA:28,1
DA:29,1
DA:33,1
DA:34,1
DA:35,1
DA:39,1
DA:43,1
DA:49,1
DA:55,1
DA:59,1
DA:63,1
DA:69,1
DA:73,1
DA:79,1
DA:83,1
DA:87,1
DA:91,1
DA:95,1
DA:99,1
DA:103,1
DA:107,1
LF:27
LH:27
BRF:0
BRH:0
end_of_record
TN:
SF:/Users/user/Downloads/momoapi-node-master/test/index.test.ts
FN:7,(anonymous_1)
FN:8,(anonymous_2)
FN:9,(anonymous_3)
FN:10,(anonymous_4)
FN:15,(anonymous_5)
FN:16,(anonymous_6)
FN:22,(anonymous_7)
FN:28,(anonymous_8)
FNF:8
FNH:8
FNDA:1,(anonymous_1)
FNDA:1,(anonymous_2)
FNDA:1,(anonymous_3)
FNDA:1,(anonymous_4)
FNDA:1,(anonymous_5)
FNDA:1,(anonymous_6)
FNDA:1,(anonymous_7)
FNDA:1,(anonymous_8)
DA:1,1
DA:3,1
DA:5,1
DA:7,1
DA:8,1
DA:9,1
DA:10,1
DA:11,1
DA:15,1
DA:16,1
DA:17,1
DA:22,1
DA:23,1
DA:28,1
DA:29,1
LF:15
LH:15
BRF:0
BRH:0
end_of_record
TN:
SF:/Users/user/Downloads/momoapi-node-master/test/mock.ts
FN:8,createMock
FNF:1
FNH:1
FNDA:27,createMock
DA:1,1
DA:2,1
DA:8,1
DA:9,27
DA:15,27
DA:17,27
DA:19,27
DA:21,27
DA:25,27
DA:31,27
DA:35,27
DA:37,27
DA:51,27
DA:56,27
DA:62,27
DA:68,27
DA:70,27
DA:82,27
DA:87,27
LF:19
LH:19
BRF:0
BRH:0
end_of_record
TN:
SF:/Users/user/Downloads/momoapi-node-master/test/users.test.ts
FN:8,(anonymous_1)
FN:13,(anonymous_2)
FN:18,(anonymous_3)
FN:19,(anonymous_4)
FN:20,(anonymous_5)
FN:33,(anonymous_6)
FN:34,(anonymous_7)
FN:35,(anonymous_8)
FNF:8
FNH:8
FNDA:1,(anonymous_1)
FNDA:2,(anonymous_2)
FNDA:1,(anonymous_3)
FNDA:1,(anonymous_4)
FNDA:1,(anonymous_5)
FNDA:1,(anonymous_6)
FNDA:1,(anonymous_7)
FNDA:1,(anonymous_8)
DA:3,1
DA:5,1
DA:6,1
DA:8,1
DA:13,1
DA:14,2
DA:15,2
DA:18,1
DA:19,1
DA:20,1
DA:21,1
DA:22,1
DA:23,1
DA:26,1
DA:33,1
DA:34,1
DA:35,1
DA:36,1
DA:37,1
LF:19
LH:19
BRF:0
BRH:0
end_of_record
TN:
SF:/Users/user/Downloads/momoapi-node-master/test/validate.test.ts
FN:18,(anonymous_0)
FN:19,(anonymous_1)
FN:20,(anonymous_2)
FN:21,(anonymous_3)
FN:29,(anonymous_4)
FN:30,(anonymous_5)
FN:37,(anonymous_6)
FN:38,(anonymous_7)
FN:39,(anonymous_8)
FN:40,(anonymous_9)
FN:53,(anonymous_10)
FN:54,(anonymous_11)
FN:68,(anonymous_12)
FN:69,(anonymous_13)
FN:70,(anonymous_14)
FN:78,(anonymous_15)
FN:79,(anonymous_16)
FN:88,(anonymous_17)
FN:89,(anonymous_18)
FN:99,(anonymous_19)
FN:100,(anonymous_20)
FN:111,(anonymous_21)
FN:112,(anonymous_22)
FN:124,(anonymous_23)
FN:125,(anonymous_24)
FN:126,(anonymous_25)
FN:134,(anonymous_26)
FN:135,(anonymous_27)
FN:145,(anonymous_28)
FN:146,(anonymous_29)
FN:147,(anonymous_30)
FN:155,(anonymous_31)
FN:156,(anonymous_32)
FN:165,(anonymous_33)
FN:166,(anonymous_34)
FN:176,(anonymous_35)
FN:177,(anonymous_36)
FN:188,(anonymous_37)
FN:189,(anonymous_38)
FN:190,(anonymous_39)
FN:198,(anonymous_40)
FN:199,(anonymous_41)
FN:207,(anonymous_42)
FN:208,(anonymous_43)
FN:218,(anonymous_44)
FN:219,(anonymous_45)
FN:230,(anonymous_46)
FN:231,(anonymous_47)
FN:243,(anonymous_48)
FN:244,(anonymous_49)
FN:258,(anonymous_50)
FN:259,(anonymous_51)
FN:273,(anonymous_52)
FN:274,(anonymous_53)
FN:275,(anonymous_54)
FN:283,(anonymous_55)
FN:284,(anonymous_56)
FN:292,(anonymous_57)
FN:293,(anonymous_58)
FN:301,(anonymous_59)
FN:302,(anonymous_60)
FN:310,(anonymous_61)
FN:311,(anonymous_62)
FN:322,(anonymous_63)
FN:323,(anonymous_64)
FN:335,(anonymous_65)
FN:336,(anonymous_66)
FN:349,(anonymous_67)
FN:350,(anonymous_68)
FN:365,(anonymous_69)
FN:366,(anonymous_70)
FNF:71
FNH:71
FNDA:1,(anonymous_0)
FNDA:1,(anonymous_1)
FNDA:1,(anonymous_2)
FNDA:1,(anonymous_3)
FNDA:1,(anonymous_4)
FNDA:1,(anonymous_5)
FNDA:1,(anonymous_6)
FNDA:1,(anonymous_7)
FNDA:1,(anonymous_8)
FNDA:1,(anonymous_9)
FNDA:1,(anonymous_10)
FNDA:1,(anonymous_11)
FNDA:1,(anonymous_12)
FNDA:1,(anonymous_13)
FNDA:1,(anonymous_14)
FNDA:1,(anonymous_15)
FNDA:1,(anonymous_16)
FNDA:1,(anonymous_17)
FNDA:1,(anonymous_18)
FNDA:1,(anonymous_19)
FNDA:1,(anonymous_20)
FNDA:1,(anonymous_21)
FNDA:1,(anonymous_22)
FNDA:1,(anonymous_23)
FNDA:1,(anonymous_24)
FNDA:1,(anonymous_25)
FNDA:1,(anonymous_26)
FNDA:1,(anonymous_27)
FNDA:1,(anonymous_28)
FNDA:1,(anonymous_29)
FNDA:1,(anonymous_30)
FNDA:1,(anonymous_31)
FNDA:1,(anonymous_32)
FNDA:1,(anonymous_33)
FNDA:1,(anonymous_34)
FNDA:1,(anonymous_35)
FNDA:1,(anonymous_36)
FNDA:1,(anonymous_37)
FNDA:1,(anonymous_38)
FNDA:1,(anonymous_39)
FNDA:1,(anonymous_40)
FNDA:1,(anonymous_41)
FNDA:1,(anonymous_42)
FNDA:1,(anonymous_43)
FNDA:1,(anonymous_44)
FNDA:1,(anonymous_45)
FNDA:1,(anonymous_46)
FNDA:1,(anonymous_47)
FNDA:1,(anonymous_48)
FNDA:1,(anonymous_49)
FNDA:1,(anonymous_50)
FNDA:1,(anonymous_51)
FNDA:1,(anonymous_52)
FNDA:1,(anonymous_53)
FNDA:1,(anonymous_54)
FNDA:1,(anonymous_55)
FNDA:1,(anonymous_56)
FNDA:1,(anonymous_57)
FNDA:1,(anonymous_58)
FNDA:1,(anonymous_59)
FNDA:1,(anonymous_60)
FNDA:1,(anonymous_61)
FNDA:1,(anonymous_62)
FNDA:1,(anonymous_63)
FNDA:1,(anonymous_64)
FNDA:1,(anonymous_65)
FNDA:1,(anonymous_66)
FNDA:1,(anonymous_67)
FNDA:1,(anonymous_68)
FNDA:1,(anonymous_69)
FNDA:1,(anonymous_70)
DA:1,1
DA:2,1
DA:5,1
DA:7,1
DA:9,1
DA:18,1
DA:19,1
DA:20,1
DA:21,1
DA:22,1
DA:29,1
DA:30,1
DA:31,1
DA:37,1
DA:38,1
DA:39,1
DA:40,1
DA:41,1
DA:53,1
DA:54,1
DA:55,1
DA:68,1
DA:69,1
DA:70,1
DA:71,1
DA:78,1
DA:79,1
DA:80,1
DA:88,1
DA:89,1
DA:90,1
DA:99,1
DA:100,1
DA:101,1
DA:111,1
DA:112,1
DA:113,1
DA:124,1
DA:125,1
DA:126,1
DA:127,1
DA:134,1
DA:135,1
DA:136,1
DA:145,1
DA:146,1
DA:147,1
DA:148,1
DA:155,1
DA:156,1
DA:157,1
DA:165,1
DA:166,1
DA:167,1
DA:176,1
DA:177,1
DA:178,1
DA:188,1
DA:189,1
DA:190,1
DA:191,1
DA:192,1
DA:198,1
DA:199,1
DA:200,1
DA:201,1
DA:207,1
DA:208,1
DA:209,1
DA:212,1
DA:218,1
DA:219,1
DA:220,1
DA:224,1
DA:230,1
DA:231,1
DA:232,1
DA:237,1
DA:243,1
DA:244,1
DA:245,1
DA:252,1
DA:258,1
DA:259,1
DA:260,1
DA:268,1
DA:273,1
DA:274,1
DA:275,1
DA:276,1
DA:277,1
DA:283,1
DA:284,1
DA:285,1
DA:286,1
DA:292,1
DA:293,1
DA:294,1
DA:295,1
DA:301,1
DA:302,1
DA:303,1
DA:304,1
DA:310,1
DA:311,1
DA:312,1
DA:316,1
DA:322,1
DA:323,1
DA:324,1
DA:329,1
DA:335,1
DA:336,1
DA:337,1
DA:343,1
DA:349,1
DA:350,1
DA:351,1
DA:359,1
DA:365,1
DA:366,1
DA:367,1
DA:376,1
LF:123
LH:123
BRF:0
BRH:0
end_of_record
